TN:
SF:script/CreatePool.s.sol
DA:37,0
FN:37,CreatePool.run
FNDA:0,CreatePool.run
DA:38,0
DA:39,0
DA:41,0
DA:42,0
DA:44,0
DA:45,0
DA:47,0
DA:48,0
DA:50,0
DA:52,0
DA:54,0
DA:55,0
DA:56,0
DA:57,0
DA:58,0
DA:59,0
DA:60,0
DA:61,0
DA:62,0
DA:63,0
DA:64,0
DA:65,0
DA:67,0
DA:72,0
DA:77,0
DA:79,0
DA:87,0
DA:89,0
DA:91,0
DA:92,0
DA:93,0
DA:94,0
DA:95,0
DA:96,0
DA:97,0
FNF:1
FNH:0
LF:36
LH:0
BRF:0
BRH:0
end_of_record
TN:
SF:script/Deploy.s.sol
DA:35,0
FN:35,Deploy.run
FNDA:0,Deploy.run
DA:36,0
DA:37,0
DA:38,0
DA:40,0
DA:41,0
DA:43,0
DA:44,0
DA:45,0
DA:46,0
DA:48,0
DA:50,0
DA:51,0
DA:52,0
DA:53,0
DA:54,0
DA:55,0
DA:56,0
DA:57,0
DA:58,0
DA:60,0
DA:63,0
DA:64,0
DA:67,0
DA:78,0
DA:79,0
DA:80,0
DA:82,0
DA:84,0
DA:85,0
DA:86,0
DA:87,0
DA:88,0
FNF:1
FNH:0
LF:33
LH:0
BRF:0
BRH:0
end_of_record
TN:
SF:script/SetPoolFees.s.sol
DA:25,0
FN:25,SetPoolFees.run
FNDA:0,SetPoolFees.run
DA:26,0
DA:27,0
DA:28,0
DA:29,0
DA:30,0
DA:32,0
DA:35,0
DA:36,0
DA:38,0
DA:39,0
DA:40,0
DA:41,0
DA:42,0
DA:43,0
DA:44,0
DA:45,0
DA:46,0
DA:47,0
DA:48,0
DA:49,0
DA:50,0
DA:52,0
DA:53,0
DA:54,0
DA:56,0
FNF:1
FNH:0
LF:26
LH:0
BRF:0
BRH:0
end_of_record
TN:
SF:script/WithdrawFees.s.sol
DA:25,0
FN:25,WithdrawFees.run
FNDA:0,WithdrawFees.run
DA:26,0
DA:27,0
DA:28,0
DA:29,0
DA:30,0
DA:32,0
DA:34,0
DA:36,0
DA:37,0
DA:38,0
DA:39,0
DA:40,0
DA:41,0
DA:43,0
BRDA:43,0,0,-
DA:44,0
DA:45,0
DA:48,0
DA:49,0
DA:50,0
DA:52,0
FNF:1
FNH:0
LF:21
LH:0
BRF:1
BRH:0
end_of_record
TN:
SF:script/integration_tests/DeployMockPoly.s.sol
DA:10,0
FN:10,MockPolymarket.mint
FNDA:0,MockPolymarket.mint
DA:11,0
DA:16,0
FN:16,DeployMockPolymarket.run
FNDA:0,DeployMockPolymarket.run
DA:17,0
DA:18,0
DA:19,0
DA:20,0
FNF:2
FNH:0
LF:7
LH:0
BRF:0
BRH:0
end_of_record
TN:
SF:script/integration_tests/Deposit.s.sol
DA:32,0
FN:32,Deposit.run
FNDA:0,Deposit.run
DA:33,0
DA:34,0
DA:35,0
DA:36,0
DA:37,0
DA:38,0
DA:40,0
DA:41,0
DA:42,0
DA:43,0
DA:46,0
DA:47,0
DA:48,0
DA:49,0
DA:50,0
DA:52,0
DA:53,0
DA:54,0
DA:56,0
DA:57,0
DA:58,0
DA:59,0
DA:60,0
DA:61,0
DA:62,0
DA:63,0
DA:64,0
DA:65,0
DA:66,0
DA:67,0
DA:68,0
DA:69,0
DA:70,0
DA:72,0
BRDA:72,0,0,-
BRDA:72,0,1,-
DA:74,0
DA:76,0
BRDA:76,1,0,-
DA:77,0
DA:78,0
DA:81,0
DA:83,0
DA:85,0
DA:87,0
DA:88,0
DA:89,0
DA:90,0
DA:91,0
DA:92,0
DA:93,0
FNF:1
FNH:0
LF:49
LH:0
BRF:3
BRH:0
end_of_record
TN:
SF:script/integration_tests/MintMock.s.sol
DA:11,0
FN:11,MintMock.run
FNDA:0,MintMock.run
DA:12,0
DA:13,0
DA:14,0
DA:17,0
DA:18,0
DA:20,0
DA:21,0
DA:22,0
DA:24,0
DA:25,0
DA:26,0
FNF:1
FNH:0
LF:12
LH:0
BRF:0
BRH:0
end_of_record
TN:
SF:script/integration_tests/Swap.s.sol
DA:27,0
FN:27,Swap.run
FNDA:0,Swap.run
DA:28,0
DA:29,0
DA:30,0
DA:31,0
DA:32,0
DA:33,0
DA:35,0
DA:36,0
DA:37,0
DA:38,0
DA:41,0
DA:42,0
DA:43,0
DA:44,0
DA:45,0
DA:47,0
DA:48,0
DA:51,0
DA:52,0
DA:54,0
DA:55,0
DA:57,0
DA:59,0
DA:60,0
DA:61,0
DA:62,0
DA:63,0
DA:64,0
DA:65,0
DA:66,0
DA:67,0
DA:68,0
DA:69,0
DA:70,0
DA:71,0
DA:72,0
DA:74,0
BRDA:74,0,0,-
BRDA:74,0,1,-
DA:75,0
BRDA:75,1,0,-
BRDA:75,1,1,-
DA:77,0
DA:79,0
BRDA:79,2,0,-
DA:80,0
DA:81,0
DA:84,0
DA:86,0
DA:88,0
DA:89,0
DA:90,0
DA:91,0
DA:92,0
FNF:1
FNH:0
LF:50
LH:0
BRF:5
BRH:0
end_of_record
TN:
SF:script/integration_tests/Withdraw.s.sol
DA:38,0
FN:38,Withdraw.run
FNDA:0,Withdraw.run
DA:39,0
DA:40,0
DA:41,0
DA:42,0
DA:43,0
DA:44,0
DA:45,0
DA:47,0
DA:48,0
DA:49,0
DA:50,0
DA:51,0
DA:53,0
DA:54,0
DA:55,0
DA:57,0
BRDA:57,0,0,-
DA:58,0
BRDA:58,1,0,-
BRDA:58,1,1,-
DA:60,0
DA:61,0
DA:62,0
DA:63,0
DA:64,0
DA:65,0
DA:66,0
DA:67,0
DA:68,0
DA:69,0
DA:70,0
DA:71,0
DA:72,0
DA:73,0
DA:74,0
DA:76,0
DA:78,0
BRDA:78,2,0,-
BRDA:78,2,1,-
DA:79,0
DA:80,0
DA:81,0
DA:82,0
DA:84,0
DA:85,0
DA:86,0
DA:87,0
DA:88,0
DA:91,0
DA:93,0
DA:94,0
DA:95,0
DA:96,0
FNF:1
FNH:0
LF:49
LH:0
BRF:5
BRH:0
end_of_record
TN:
SF:src/FeeCollector.sol
DA:33,28057
FN:33,FeeCollector.recordFee
FNDA:28057,FeeCollector.recordFee
DA:34,28057
BRDA:34,0,0,0
DA:35,28057
DA:40,0
FN:40,FeeCollector.withdraw
FNDA:0,FeeCollector.withdraw
DA:41,0
BRDA:41,1,0,-
DA:42,0
BRDA:42,2,0,-
DA:43,0
DA:44,0
DA:47,0
FN:47,FeeCollector.withdrawBatch
FNDA:0,FeeCollector.withdrawBatch
DA:53,0
BRDA:53,3,0,-
DA:54,0
DA:55,0
BRDA:55,4,0,-
DA:56,0
DA:58,0
DA:62,0
FN:62,FeeCollector.withdrawAll
FNDA:0,FeeCollector.withdrawAll
DA:63,0
BRDA:63,5,0,-
DA:64,0
DA:65,0
BRDA:65,6,0,-
DA:66,0
DA:67,0
DA:72,0
FN:72,FeeCollector.withdrawAllBatch
FNDA:0,FeeCollector.withdrawAllBatch
DA:73,0
BRDA:73,7,0,-
DA:74,0
DA:75,0
DA:76,0
DA:77,0
BRDA:77,8,0,-
DA:78,0
DA:80,0
FNF:5
FNH:1
LF:28
LH:3
BRF:9
BRH:0
end_of_record
TN:
SF:src/LPToken.sol
DA:83,47681
FN:83,LPToken.onlyPool
FNDA:47681,LPToken.onlyPool
DA:84,47681
BRDA:84,0,0,0
DA:88,154
FN:88,LPToken.constructor
FNDA:154,LPToken.constructor
DA:89,154
BRDA:89,1,0,0
DA:90,154
DA:91,154
DA:97,156
FN:97,LPToken.registerPool
FNDA:156,LPToken.registerPool
DA:98,156
BRDA:98,2,0,0
DA:99,156
BRDA:99,3,0,0
DA:100,156
BRDA:100,4,0,0
DA:101,156
BRDA:101,5,0,0
DA:102,156
DA:103,156
DA:106,47681
FN:106,LPToken.mint
FNDA:47681,LPToken.mint
DA:107,47681
DA:108,47681
DA:111,17991
FN:111,LPToken.burn
FNDA:17991,LPToken.burn
DA:112,17991
DA:113,17991
DA:119,12949
FN:119,LPToken.lockedAmount
FNDA:12949,LPToken.lockedAmount
DA:120,12949
DA:121,12949
BRDA:121,6,0,6864
DA:122,6864
DA:124,6085
DA:128,2005
FN:128,LPToken.isLocked
FNDA:2005,LPToken.isLocked
DA:129,2005
DA:130,2005
DA:135,66677
FN:135,LPToken._update
FNDA:66677,LPToken._update
DA:141,66677
DA:143,66677
DA:144,66677
DA:145,66677
DA:146,66677
BRDA:146,7,0,0
DA:149,66677
BRDA:149,8,0,18996
DA:150,18996
DA:151,18996
BRDA:151,9,0,17445
DA:152,17445
BRDA:152,10,0,6717
BRDA:152,10,1,5879
DA:153,6717
DA:154,6717
DA:156,10728
DA:157,10728
DA:160,10728
BRDA:160,11,0,9853
DA:161,9853
DA:163,10728
BRDA:163,12,0,5879
DA:164,5879
DA:171,66677
BRDA:171,13,0,48686
DA:172,48686
DA:174,48686
BRDA:174,14,0,3347
DA:175,3347
DA:176,3347
DA:179,48686
BRDA:179,15,0,40857
BRDA:179,15,1,7829
DA:180,40857
DA:181,40857
DA:183,7829
DA:186,7829
FNF:8
FNH:8
LF:55
LH:55
BRF:18
BRH:11
end_of_record
TN:
SF:src/PoolFactory.sol
DA:138,3006
FN:138,PoolFactory.onlyOperator
FNDA:3006,PoolFactory.onlyOperator
DA:139,3006
BRDA:139,0,0,0
DA:145,77
FN:145,PoolFactory.constructor
FNDA:77,PoolFactory.constructor
DA:156,77
BRDA:156,1,0,0
DA:157,77
BRDA:157,2,0,0
DA:158,77
BRDA:158,3,0,0
DA:159,77
BRDA:159,4,0,0
DA:160,77
DA:161,0
BRDA:161,5,0,-
DA:162,77
DA:163,0
BRDA:163,6,0,-
DA:165,77
DA:166,77
DA:167,77
DA:168,77
DA:169,77
DA:170,77
DA:172,77
DA:173,77
DA:192,80
FN:192,PoolFactory.createPool
FNDA:80,PoolFactory.createPool
DA:199,80
BRDA:199,7,0,0
DA:200,80
BRDA:200,8,0,0
DA:202,80
DA:203,80
BRDA:203,9,0,0
DA:204,1
BRDA:204,10,0,1
DA:205,1
BRDA:205,11,0,1
DA:207,78
DA:218,78
DA:219,78
DA:220,78
DA:221,78
DA:222,78
DA:223,78
DA:225,78
DA:227,78
DA:228,78
DA:235,78
DA:237,78
DA:252,122
FN:252,PoolFactory.getPool
FNDA:122,PoolFactory.getPool
DA:253,122
BRDA:253,12,0,0
DA:254,122
DA:257,0
FN:257,PoolFactory.getAllPools
FNDA:0,PoolFactory.getAllPools
DA:258,0
DA:261,0
FN:261,PoolFactory.poolCount
FNDA:0,PoolFactory.poolCount
DA:262,0
DA:265,0
FN:265,PoolFactory.findPool
FNDA:0,PoolFactory.findPool
DA:270,0
DA:271,0
BRDA:271,13,0,-
DA:272,0
DA:277,0
FN:277,PoolFactory.setOperator
FNDA:0,PoolFactory.setOperator
DA:278,0
BRDA:278,14,0,-
DA:279,0
DA:280,0
DA:283,0
FN:283,PoolFactory.setFeeCollector
FNDA:0,PoolFactory.setFeeCollector
DA:284,0
BRDA:284,15,0,-
DA:285,0
DA:286,0
DA:289,0
FN:289,PoolFactory.setPoolFees
FNDA:0,PoolFactory.setPoolFees
DA:290,0
BRDA:290,16,0,-
DA:291,0
DA:296,1
FN:296,PoolFactory.setPoolDepositsPaused
FNDA:1,PoolFactory.setPoolDepositsPaused
DA:297,1
BRDA:297,17,0,0
DA:298,1
DA:299,1
DA:302,3006
FN:302,PoolFactory.setPoolSwapsPaused
FNDA:3006,PoolFactory.setPoolSwapsPaused
DA:303,3006
BRDA:303,18,0,0
DA:304,3006
DA:305,3006
DA:308,4
FN:308,PoolFactory.setResolvePool
FNDA:4,PoolFactory.setResolvePool
DA:309,4
BRDA:309,19,0,0
DA:310,4
DA:311,4
DA:316,2
FN:316,PoolFactory.resolvePoolAndPause
FNDA:2,PoolFactory.resolvePoolAndPause
DA:317,2
BRDA:317,20,0,0
DA:318,2
DA:319,2
DA:320,2
DA:321,2
DA:326,2
FN:326,PoolFactory.rescuePoolTokens
FNDA:2,PoolFactory.rescuePoolTokens
DA:329,2
BRDA:329,21,0,0
DA:330,2
DA:333,0
FN:333,PoolFactory.rescuePoolERC1155
FNDA:0,PoolFactory.rescuePoolERC1155
DA:336,0
BRDA:336,22,0,-
DA:337,0
DA:340,0
FN:340,PoolFactory.rescuePoolERC20
FNDA:0,PoolFactory.rescuePoolERC20
DA:343,0
BRDA:343,23,0,-
DA:344,0
DA:347,0
FN:347,PoolFactory.rescuePoolETH
FNDA:0,PoolFactory.rescuePoolETH
DA:348,0
BRDA:348,24,0,-
DA:349,0
DA:354,80
FN:354,PoolFactory._poolKey
FNDA:80,PoolFactory._poolKey
DA:355,80
FNF:19
FNH:10
LF:92
LH:62
BRF:25
BRH:2
end_of_record
TN:
SF:src/SwapPool.sol
DA:165,78
FN:165,SwapPool.constructor
FNDA:78,SwapPool.constructor
DA:173,78
BRDA:173,0,0,0
DA:174,78
BRDA:174,1,0,0
DA:175,78
BRDA:175,2,0,0
DA:176,78
BRDA:176,3,0,0
DA:177,78
BRDA:177,4,0,0
DA:179,78
DA:181,78
DA:182,78
DA:183,78
DA:184,78
DA:186,78
DA:187,78
DA:189,78
DA:194,78
FN:194,SwapPool.initialize
FNDA:78,SwapPool.initialize
DA:195,78
BRDA:195,5,0,0
DA:196,0
BRDA:196,6,0,-
DA:197,78
BRDA:197,7,0,0
DA:198,78
DA:199,78
DA:200,78
DA:201,78
DA:204,4006
FN:204,SwapPool.whenInitialized
FNDA:4006,SwapPool.whenInitialized
DA:205,4006
BRDA:205,8,0,0
DA:212,57013
FN:212,SwapPool.marketARate
FNDA:57013,SwapPool.marketARate
DA:213,57013
DA:214,57013
BRDA:214,9,0,242
DA:215,56771
DA:219,49698
FN:219,SwapPool.marketBRate
FNDA:49698,SwapPool.marketBRate
DA:220,49698
DA:221,49698
BRDA:221,10,0,152
DA:222,49546
DA:225,0
FN:225,SwapPool.totalFeeBps
FNDA:0,SwapPool.totalFeeBps
DA:226,0
DA:230,76391
FN:230,SwapPool.physicalBalanceNorm
FNDA:76391,SwapPool.physicalBalanceNorm
DA:231,76391
DA:232,76391
DA:237,28993
FN:237,SwapPool._computeFees
FNDA:28993,SwapPool._computeFees
DA:238,28993
DA:239,28993
BRDA:239,11,0,0
DA:241,28993
DA:242,28993
DA:243,28993
DA:252,47685
FN:252,SwapPool.deposit
FNDA:47685,SwapPool.deposit
DA:258,2
BRDA:258,12,0,2
DA:259,1
BRDA:259,13,0,1
DA:260,47682
BRDA:260,14,0,1
DA:262,47681
DA:263,47681
DA:265,47681
DA:266,47681
DA:268,47681
DA:271,47681
BRDA:271,15,0,0
DA:273,47681
DA:274,47681
DA:276,47681
DA:284,19901
FN:284,SwapPool.swap
FNDA:19901,SwapPool.swap
DA:290,1
BRDA:290,16,0,1
DA:291,19900
BRDA:291,17,0,0
DA:293,19900
DA:295,19900
DA:296,19900
DA:297,19900
DA:300,19900
DA:301,19900
BRDA:301,18,0,1
DA:304,19899
DA:307,19899
DA:308,19899
BRDA:308,19,0,18455
DA:309,18455
DA:310,18455
DA:314,19899
DA:315,19899
BRDA:315,20,0,282
DA:316,19617
DA:319,19617
DA:321,19617
DA:322,19617
DA:336,14580
FN:336,SwapPool.withdrawal
FNDA:14580,SwapPool.withdrawal
DA:342,1
BRDA:342,21,0,1
DA:343,14579
BRDA:343,22,0,1
DA:345,14578
DA:347,14578
DA:348,14578
DA:350,14578
BRDA:350,23,0,9939
BRDA:350,23,1,4638
DA:352,9939
DA:353,9939
BRDA:353,24,0,4455
DA:355,4455
DA:356,4455
DA:360,4639
BRDA:360,25,0,4638
DA:361,4638
DA:365,14578
DA:368,14578
DA:369,14578
DA:370,14578
BRDA:370,26,0,592
DA:373,13986
BRDA:373,27,0,9680
BRDA:373,27,1,0
DA:374,9680
DA:375,9680
DA:377,9680
BRDA:377,28,0,1029
BRDA:377,28,1,8651
DA:380,1029
DA:381,1029
DA:383,8651
DA:386,4306
DA:387,4306
DA:391,13986
DA:394,9680
DA:395,13986
BRDA:395,29,0,13986
DA:398,13986
DA:399,13986
BRDA:399,30,0,8625
DA:400,8625
DA:401,8625
DA:404,13986
DA:405,0
DA:406,13986
DA:420,4006
FN:420,SwapPool.withdrawProRata
FNDA:4006,SwapPool.withdrawProRata
DA:426,4006
BRDA:426,31,0,1
DA:427,4005
BRDA:427,32,0,0
DA:429,4005
DA:431,0
DA:432,4005
DA:435,4005
DA:436,4005
DA:437,4005
DA:440,4005
BRDA:440,33,0,2001
DA:441,4005
DA:444,4005
BRDA:444,34,0,1002
DA:445,1002
DA:446,1002
BRDA:446,35,0,0
DA:450,4005
DA:453,4005
DA:456,4005
DA:457,4005
BRDA:457,36,0,4005
DA:460,4005
DA:461,4005
BRDA:461,37,0,1002
DA:463,4005
DA:464,4005
DA:465,0
DA:466,4005
DA:472,17991
FN:472,SwapPool._flushResidualIfEmpty
FNDA:17991,SwapPool._flushResidualIfEmpty
DA:473,17991
DA:474,17991
DA:475,17991
BRDA:475,38,0,16988
DA:477,1003
DA:478,1003
DA:480,1003
DA:482,1003
DA:485,1003
BRDA:485,39,0,977
DA:486,977
DA:487,977
DA:489,1003
BRDA:489,40,0,0
DA:490,0
DA:491,0
DA:497,1
FN:497,SwapPool.setDepositsPaused
FNDA:1,SwapPool.setDepositsPaused
DA:498,1
BRDA:498,41,0,0
DA:499,1
DA:500,1
DA:503,3006
FN:503,SwapPool.setSwapsPaused
FNDA:3006,SwapPool.setSwapsPaused
DA:504,3006
BRDA:504,42,0,0
DA:505,3006
DA:506,3006
DA:509,4
FN:509,SwapPool.setResolved
FNDA:4,SwapPool.setResolved
DA:510,4
BRDA:510,43,0,0
DA:511,4
DA:512,4
DA:515,2
FN:515,SwapPool.setResolvedAndPaused
FNDA:2,SwapPool.setResolvedAndPaused
DA:516,2
BRDA:516,44,0,0
DA:517,2
DA:518,2
DA:519,2
DA:520,2
DA:521,2
DA:522,2
DA:525,0
FN:525,SwapPool.setFees
FNDA:0,SwapPool.setFees
DA:526,0
BRDA:526,45,0,-
DA:527,0
BRDA:527,46,0,-
DA:528,0
BRDA:528,47,0,-
DA:529,0
DA:530,0
DA:531,0
DA:537,2
FN:537,SwapPool.rescueTokens
FNDA:2,SwapPool.rescueTokens
DA:538,2
BRDA:538,48,0,0
DA:539,2
BRDA:539,49,0,0
DA:541,2
DA:542,2
DA:543,2
DA:545,2
BRDA:545,50,0,0
DA:546,1
DA:547,1
BRDA:547,51,0,0
DA:548,1
DA:549,1
DA:552,0
FN:552,SwapPool.rescueERC1155
FNDA:0,SwapPool.rescueERC1155
DA:553,0
BRDA:553,52,0,-
DA:554,0
BRDA:554,53,0,-
DA:555,0
DA:556,0
DA:557,0
BRDA:557,54,0,-
DA:558,0
DA:559,0
DA:562,0
FN:562,SwapPool.rescueERC20
FNDA:0,SwapPool.rescueERC20
DA:563,0
BRDA:563,55,0,-
DA:564,0
BRDA:564,56,0,-
DA:565,0
DA:566,0
DA:569,0
FN:569,SwapPool.rescueETH
FNDA:0,SwapPool.rescueETH
DA:570,0
BRDA:570,57,0,-
DA:571,0
BRDA:571,58,0,-
DA:572,0
DA:573,0
DA:574,0
BRDA:574,59,0,-
BRDA:574,59,1,-
DA:575,0
DA:583,18583
FN:583,SwapPool._lpToShares
FNDA:18583,SwapPool._lpToShares
DA:584,18583
DA:585,18583
DA:591,9939
FN:591,SwapPool._freshConsumedForBurn
FNDA:9939,SwapPool._freshConsumedForBurn
DA:592,9939
DA:593,9939
DA:594,9939
DA:595,9939
DA:596,9939
DA:597,9939
DA:600,17991
FN:600,SwapPool._burnLp
FNDA:17991,SwapPool._burnLp
DA:601,17991
BRDA:601,60,0,12089
BRDA:601,60,1,0
DA:602,12089
DA:604,5902
DA:608,47681
FN:608,SwapPool._mintLp
FNDA:47681,SwapPool._mintLp
DA:609,47681
BRDA:609,61,0,29809
BRDA:609,61,1,0
DA:610,29809
DA:612,17872
DA:616,47681
FN:616,SwapPool._sideValue
FNDA:47681,SwapPool._sideValue
DA:617,47681
DA:620,72633
FN:620,SwapPool._addSideValue
FNDA:72633,SwapPool._addSideValue
DA:621,72633
BRDA:621,62,0,38883
BRDA:621,62,1,33750
DA:622,38883
DA:624,33750
DA:628,17991
FN:628,SwapPool._subSideValue
FNDA:17991,SwapPool._subSideValue
DA:629,17991
BRDA:629,63,0,12089
BRDA:629,63,1,5902
DA:630,12089
DA:632,5902
DA:636,71305
FN:636,SwapPool._lpToken
FNDA:71305,SwapPool._lpToken
DA:637,71305
DA:640,71305
FN:640,SwapPool._lpTokenId
FNDA:71305,SwapPool._lpTokenId
DA:641,71305
DA:644,143974
FN:644,SwapPool._toNorm
FNDA:143974,SwapPool._toNorm
DA:645,143974
DA:646,143974
BRDA:646,64,0,143873
DA:647,101
DA:650,75780
FN:650,SwapPool._fromNorm
FNDA:75780,SwapPool._fromNorm
DA:651,75780
DA:652,75780
BRDA:652,65,0,75744
DA:653,36
DA:656,67580
FN:656,SwapPool._pullTokens
FNDA:67580,SwapPool._pullTokens
DA:657,67580
DA:660,66668
FN:660,SwapPool._pushTokens
FNDA:66668,SwapPool._pushTokens
DA:661,66668
DA:664,24934
FN:664,SwapPool._oppositeSide
FNDA:24934,SwapPool._oppositeSide
DA:665,24934
DA:668,240702
FN:668,SwapPool._marketContract
FNDA:240702,SwapPool._marketContract
DA:669,240702
DA:672,237719
FN:672,SwapPool._tokenId
FNDA:237719,SwapPool._tokenId
DA:673,237719
FNF:38
FNH:33
LF:258
LH:223
BRF:74
BRH:36
end_of_record
TN:
SF:test/MockERC1155.sol
DA:10,983
FN:10,MockERC1155.mint
FNDA:983,MockERC1155.mint
DA:11,983
DA:14,0
FN:14,MockERC1155.mintBatch
FNDA:0,MockERC1155.mintBatch
DA:15,0
FNF:2
FNH:1
LF:4
LH:2
BRF:0
BRH:0
end_of_record
TN:
SF:test/PredictSwapInvariant.t.sol
DA:36,6
FN:36,SwapPoolHandler.constructor
FNDA:6,SwapPoolHandler.constructor
DA:47,6
DA:48,6
DA:49,6
DA:50,6
DA:51,6
DA:52,6
DA:53,6
DA:54,6
DA:55,6
DA:57,6
DA:58,6
DA:60,6
DA:61,6
DA:62,6
DA:64,6
DA:65,6
DA:68,43806
FN:68,SwapPoolHandler._actor
FNDA:43806,SwapPoolHandler._actor
DA:69,43806
DA:72,38554
FN:72,SwapPoolHandler._trackRates
FNDA:38554,SwapPoolHandler._trackRates
DA:73,38554
DA:74,38554
DA:75,38554
BRDA:75,0,0,7072
DA:76,38554
BRDA:76,1,0,7166
DA:81,10752
FN:81,SwapPoolHandler.depositA
FNDA:10752,SwapPoolHandler.depositA
DA:82,10752
BRDA:82,2,0,0
DA:83,10752
DA:84,10752
DA:86,10752
DA:87,10752
DA:88,10752
DA:89,0
DA:92,5838
FN:92,SwapPoolHandler.depositB
FNDA:5838,SwapPoolHandler.depositB
DA:93,5838
BRDA:93,3,0,0
DA:94,5838
DA:95,5838
DA:97,5838
DA:98,5838
DA:99,5838
DA:100,0
DA:103,5736
FN:103,SwapPoolHandler.swapAtoB
FNDA:5736,SwapPoolHandler.swapAtoB
DA:104,5736
BRDA:104,4,0,0
DA:105,5736
DA:107,5736
DA:108,5736
BRDA:108,5,0,0
DA:110,5736
DA:112,5736
DA:113,5736
BRDA:113,6,0,5736
DA:114,5640
DA:116,0
DA:119,5154
FN:119,SwapPoolHandler.swapBtoA
FNDA:5154,SwapPoolHandler.swapBtoA
DA:120,5154
BRDA:120,7,0,0
DA:121,5154
DA:123,5154
DA:124,5154
BRDA:124,8,0,0
DA:126,5154
DA:128,5154
DA:129,5154
BRDA:129,9,0,5154
DA:130,4968
DA:132,0
DA:135,5364
FN:135,SwapPoolHandler.withdrawSameSideA
FNDA:5364,SwapPoolHandler.withdrawSameSideA
DA:136,5364
BRDA:136,10,0,0
DA:137,5364
DA:138,5364
DA:139,5364
BRDA:139,11,0,1411
DA:141,3953
DA:142,3953
DA:143,3953
BRDA:143,12,0,0
DA:145,3953
DA:146,3953
BRDA:146,13,0,3953
DA:147,3856
DA:149,0
DA:152,5682
FN:152,SwapPoolHandler.withdrawSameSideB
FNDA:5682,SwapPoolHandler.withdrawSameSideB
DA:153,5682
BRDA:153,14,0,0
DA:154,5682
DA:155,5682
DA:156,5682
BRDA:156,15,0,2196
DA:158,3486
DA:159,3486
DA:160,3486
BRDA:160,16,0,0
DA:162,3486
DA:163,3486
BRDA:163,17,0,3486
DA:164,3325
DA:166,0
DA:169,5280
FN:169,SwapPoolHandler.withdrawCrossSide
FNDA:5280,SwapPoolHandler.withdrawCrossSide
DA:170,5280
BRDA:170,18,0,0
DA:171,5280
DA:173,5280
DA:174,5280
DA:175,5280
DA:176,5280
DA:178,2610
DA:179,5280
BRDA:179,19,0,1645
DA:181,3635
DA:182,3635
DA:183,3635
BRDA:183,20,0,0
DA:185,3635
DA:186,3635
BRDA:186,21,0,3635
DA:187,3302
DA:189,0
DA:192,5730
FN:192,SwapPoolHandler.skipTime
FNDA:5730,SwapPoolHandler.skipTime
DA:193,5730
DA:194,5730
FNF:11
FNH:11
LF:103
LH:96
BRF:22
BRH:10
end_of_record
